<?xml version="1.0" encoding="UTF-8"?>
<testng-results skipped="0" failed="1" ignored="0" total="7" passed="6">
  <reporter-output>
  </reporter-output>
  <suite name="Suite" duration-ms="354718" started-at="2021-02-23T07:45:03Z" finished-at="2021-02-23T07:50:57Z">
    <groups>
    </groups>
    <test name="Test" duration-ms="354718" started-at="2021-02-23T07:45:03Z" finished-at="2021-02-23T07:50:57Z">
      <class name="com.eltropy.twitterApi.TwitterSeleniumExecution">
        <test-method status="PASS" signature="init(java.lang.String)[pri:0, instance:com.eltropy.twitterApi.TwitterSeleniumExecution@6f1de4c7]" name="init" is-config="true" duration-ms="7374" started-at="2021-02-23T07:47:15Z" finished-at="2021-02-23T07:47:22Z">
          <params>
            <param index="0">
              <value>
                <![CDATA[Firefox]]>
              </value>
            </param>
          </params>
          <reporter-output>
          </reporter-output>
        </test-method> <!-- init -->
        <test-method status="FAIL" signature="top10MostReTweetsTest()[pri:0, instance:com.eltropy.twitterApi.TwitterSeleniumExecution@6f1de4c7]" name="top10MostReTweetsTest" duration-ms="23141" started-at="2021-02-23T07:47:22Z" finished-at="2021-02-23T07:47:45Z">
          <exception class="org.openqa.selenium.NoSuchElementException">
            <message>
              <![CDATA[Unable to locate element: //div[@lang='en']
For documentation on this error, please visit: http://seleniumhq.org/exceptions/no_such_element.html
Build info: version: '3.4.0', revision: 'unknown', time: 'unknown'
System info: host: 'NBLAP105', ip: '192.168.1.3', os.name: 'Windows 10', os.arch: 'amd64', os.version: '10.0', java.version: '1.8.0_231'
Driver info: org.openqa.selenium.firefox.FirefoxDriver
Capabilities [{moz:profile=C:\Users\saidammad\AppData\Local\Temp\rust_mozprofiles2FZfI, rotatable=false, moz:geckodriverVersion=0.29.0, timeouts={implicit=0.0, pageLoad=300000.0, script=30000.0}, pageLoadStrategy=normal, unhandledPromptBehavior=dismiss and notify, strictFileInteractability=false, moz:headless=false, platform=ANY, moz:accessibilityChecks=false, moz:useNonSpecCompliantPointerOrigin=false, acceptInsecureCerts=false, browserVersion=68.0.1, moz:shutdownTimeout=60000.0, platformVersion=10.0, moz:processID=5040.0, browserName=firefox, moz:buildID=20190717172542, javascriptEnabled=true, platformName=windows, setWindowRect=true, moz:webdriverClick=true}]
Session ID: 38448fb4-7fb0-4d25-b228-33907c239656
*** Element info: {Using=xpath, value=//div[@lang='en']}]]>
            </message>
            <full-stacktrace>
              <![CDATA[org.openqa.selenium.NoSuchElementException: Unable to locate element: //div[@lang='en']
For documentation on this error, please visit: http://seleniumhq.org/exceptions/no_such_element.html
Build info: version: '3.4.0', revision: 'unknown', time: 'unknown'
System info: host: 'NBLAP105', ip: '192.168.1.3', os.name: 'Windows 10', os.arch: 'amd64', os.version: '10.0', java.version: '1.8.0_231'
Driver info: org.openqa.selenium.firefox.FirefoxDriver
Capabilities [{moz:profile=C:\Users\saidammad\AppData\Local\Temp\rust_mozprofiles2FZfI, rotatable=false, moz:geckodriverVersion=0.29.0, timeouts={implicit=0.0, pageLoad=300000.0, script=30000.0}, pageLoadStrategy=normal, unhandledPromptBehavior=dismiss and notify, strictFileInteractability=false, moz:headless=false, platform=ANY, moz:accessibilityChecks=false, moz:useNonSpecCompliantPointerOrigin=false, acceptInsecureCerts=false, browserVersion=68.0.1, moz:shutdownTimeout=60000.0, platformVersion=10.0, moz:processID=5040.0, browserName=firefox, moz:buildID=20190717172542, javascriptEnabled=true, platformName=windows, setWindowRect=true, moz:webdriverClick=true}]
Session ID: 38448fb4-7fb0-4d25-b228-33907c239656
*** Element info: {Using=xpath, value=//div[@lang='en']}
at sun.reflect.NativeConstructorAccessorImpl.newInstance0(Native Method)
at sun.reflect.NativeConstructorAccessorImpl.newInstance(Unknown Source)
at sun.reflect.DelegatingConstructorAccessorImpl.newInstance(Unknown Source)
at java.lang.reflect.Constructor.newInstance(Unknown Source)
at org.openqa.selenium.remote.http.W3CHttpResponseCodec.createException(W3CHttpResponseCodec.java:150)
at org.openqa.selenium.remote.http.W3CHttpResponseCodec.decode(W3CHttpResponseCodec.java:115)
at org.openqa.selenium.remote.http.W3CHttpResponseCodec.decode(W3CHttpResponseCodec.java:45)
at org.openqa.selenium.remote.HttpCommandExecutor.execute(HttpCommandExecutor.java:164)
at org.openqa.selenium.remote.service.DriverCommandExecutor.execute(DriverCommandExecutor.java:82)
at org.openqa.selenium.remote.RemoteWebDriver.execute(RemoteWebDriver.java:637)
at org.openqa.selenium.remote.RemoteWebDriver.findElement(RemoteWebDriver.java:410)
at org.openqa.selenium.remote.RemoteWebDriver.findElementByXPath(RemoteWebDriver.java:509)
at org.openqa.selenium.By$ByXPath.findElement(By.java:361)
at org.openqa.selenium.remote.RemoteWebDriver.findElement(RemoteWebDriver.java:402)
at org.openqa.selenium.support.pagefactory.DefaultElementLocator.findElement(DefaultElementLocator.java:69)
at org.openqa.selenium.support.pagefactory.internal.LocatingElementHandler.invoke(LocatingElementHandler.java:38)
at com.sun.proxy.$Proxy17.getText(Unknown Source)
at com.eltropy.twitterApi.TwitterPageObject.getTweetTextData(TwitterPageObject.java:23)
at com.eltropy.twitterApi.TwitterSeleniumExecution.top10MostReTweetsTest(TwitterSeleniumExecution.java:117)
at sun.reflect.NativeMethodAccessorImpl.invoke0(Native Method)
at sun.reflect.NativeMethodAccessorImpl.invoke(Unknown Source)
at sun.reflect.DelegatingMethodAccessorImpl.invoke(Unknown Source)
at java.lang.reflect.Method.invoke(Unknown Source)
at org.testng.internal.MethodInvocationHelper.invokeMethod(MethodInvocationHelper.java:124)
at org.testng.internal.Invoker.invokeMethod(Invoker.java:583)
at org.testng.internal.Invoker.invokeTestMethod(Invoker.java:719)
at org.testng.internal.Invoker.invokeTestMethods(Invoker.java:989)
at org.testng.internal.TestMethodWorker.invokeTestMethods(TestMethodWorker.java:125)
at org.testng.internal.TestMethodWorker.run(TestMethodWorker.java:109)
at org.testng.TestRunner.privateRun(TestRunner.java:648)
at org.testng.TestRunner.run(TestRunner.java:505)
at org.testng.SuiteRunner.runTest(SuiteRunner.java:455)
at org.testng.SuiteRunner.runSequentially(SuiteRunner.java:450)
at org.testng.SuiteRunner.privateRun(SuiteRunner.java:415)
at org.testng.SuiteRunner.run(SuiteRunner.java:364)
at org.testng.SuiteRunnerWorker.runSuite(SuiteRunnerWorker.java:52)
at org.testng.SuiteRunnerWorker.run(SuiteRunnerWorker.java:84)
at org.testng.TestNG.runSuitesSequentially(TestNG.java:1208)
at org.testng.TestNG.runSuitesLocally(TestNG.java:1137)
at org.testng.TestNG.runSuites(TestNG.java:1049)
at org.testng.TestNG.run(TestNG.java:1017)
at org.testng.remote.AbstractRemoteTestNG.run(AbstractRemoteTestNG.java:114)
at org.testng.remote.RemoteTestNG.initAndRun(RemoteTestNG.java:251)
at org.testng.remote.RemoteTestNG.main(RemoteTestNG.java:77)
]]>
            </full-stacktrace>
          </exception> <!-- org.openqa.selenium.NoSuchElementException -->
          <reporter-output>
          </reporter-output>
        </test-method> <!-- top10MostReTweetsTest -->
        <test-method status="PASS" signature="driverQuit()[pri:0, instance:com.eltropy.twitterApi.TwitterSeleniumExecution@6f1de4c7]" name="driverQuit" is-config="true" duration-ms="6705" started-at="2021-02-23T07:47:45Z" finished-at="2021-02-23T07:47:52Z">
          <reporter-output>
          </reporter-output>
        </test-method> <!-- driverQuit -->
        <test-method status="PASS" signature="init(java.lang.String)[pri:0, instance:com.eltropy.twitterApi.TwitterSeleniumExecution@6f1de4c7]" name="init" is-config="true" duration-ms="7533" started-at="2021-02-23T07:47:52Z" finished-at="2021-02-23T07:47:59Z">
          <params>
            <param index="0">
              <value>
                <![CDATA[Firefox]]>
              </value>
            </param>
          </params>
          <reporter-output>
          </reporter-output>
        </test-method> <!-- init -->
        <test-method status="PASS" signature="user100FriendsListTest()[pri:0, instance:com.eltropy.twitterApi.TwitterSeleniumExecution@6f1de4c7]" name="user100FriendsListTest" duration-ms="112174" started-at="2021-02-23T07:47:59Z" finished-at="2021-02-23T07:49:52Z">
          <reporter-output>
          </reporter-output>
        </test-method> <!-- user100FriendsListTest -->
        <test-method status="PASS" signature="driverQuit()[pri:0, instance:com.eltropy.twitterApi.TwitterSeleniumExecution@6f1de4c7]" name="driverQuit" is-config="true" duration-ms="3405" started-at="2021-02-23T07:49:52Z" finished-at="2021-02-23T07:49:55Z">
          <reporter-output>
          </reporter-output>
        </test-method> <!-- driverQuit -->
        <test-method status="PASS" signature="init(java.lang.String)[pri:0, instance:com.eltropy.twitterApi.TwitterSeleniumExecution@6f1de4c7]" name="init" is-config="true" duration-ms="5944" started-at="2021-02-23T07:49:55Z" finished-at="2021-02-23T07:50:01Z">
          <params>
            <param index="0">
              <value>
                <![CDATA[Firefox]]>
              </value>
            </param>
          </params>
          <reporter-output>
          </reporter-output>
        </test-method> <!-- init -->
        <test-method status="PASS" signature="verifedAccountTest()[pri:0, instance:com.eltropy.twitterApi.TwitterSeleniumExecution@6f1de4c7]" name="verifedAccountTest" duration-ms="51084" started-at="2021-02-23T07:50:01Z" finished-at="2021-02-23T07:50:52Z">
          <reporter-output>
          </reporter-output>
        </test-method> <!-- verifedAccountTest -->
        <test-method status="PASS" signature="driverQuit()[pri:0, instance:com.eltropy.twitterApi.TwitterSeleniumExecution@6f1de4c7]" name="driverQuit" is-config="true" duration-ms="5431" started-at="2021-02-23T07:50:52Z" finished-at="2021-02-23T07:50:57Z">
          <reporter-output>
          </reporter-output>
        </test-method> <!-- driverQuit -->
      </class> <!-- com.eltropy.twitterApi.TwitterSeleniumExecution -->
      <class name="com.eltropy.twitterApi.TwitterApiExecution">
        <test-method status="PASS" signature="generateAccessToken()[pri:0, instance:com.eltropy.twitterApi.TwitterApiExecution@5c6648b0]" name="generateAccessToken" is-config="true" duration-ms="5108" started-at="2021-02-23T07:45:03Z" finished-at="2021-02-23T07:45:08Z">
          <reporter-output>
          </reporter-output>
        </test-method> <!-- generateAccessToken -->
        <test-method status="PASS" signature="top10FriendsWithMaxNumberOfFollowers()[pri:0, instance:com.eltropy.twitterApi.TwitterApiExecution@5c6648b0]" name="top10FriendsWithMaxNumberOfFollowers" duration-ms="3999" started-at="2021-02-23T07:45:08Z" finished-at="2021-02-23T07:45:12Z">
          <reporter-output>
          </reporter-output>
        </test-method> <!-- top10FriendsWithMaxNumberOfFollowers -->
        <test-method status="PASS" signature="twitterApiToGetTop10MostReTweetsCount()[pri:0, instance:com.eltropy.twitterApi.TwitterApiExecution@5c6648b0]" name="twitterApiToGetTop10MostReTweetsCount" duration-ms="4014" started-at="2021-02-23T07:45:12Z" finished-at="2021-02-23T07:45:16Z">
          <reporter-output>
          </reporter-output>
        </test-method> <!-- twitterApiToGetTop10MostReTweetsCount -->
        <test-method status="PASS" signature="twitterApiToGetuserTweetsList()[pri:0, instance:com.eltropy.twitterApi.TwitterApiExecution@5c6648b0]" name="twitterApiToGetuserTweetsList" duration-ms="81557" started-at="2021-02-23T07:45:16Z" finished-at="2021-02-23T07:46:37Z">
          <reporter-output>
          </reporter-output>
        </test-method> <!-- twitterApiToGetuserTweetsList -->
        <test-method status="PASS" signature="twitterApitoGetfriendsOfAuser()[pri:0, instance:com.eltropy.twitterApi.TwitterApiExecution@5c6648b0]" name="twitterApitoGetfriendsOfAuser" duration-ms="37150" started-at="2021-02-23T07:46:37Z" finished-at="2021-02-23T07:47:15Z">
          <reporter-output>
          </reporter-output>
        </test-method> <!-- twitterApitoGetfriendsOfAuser -->
      </class> <!-- com.eltropy.twitterApi.TwitterApiExecution -->
    </test> <!-- Test -->
  </suite> <!-- Suite -->
</testng-results>
